<?xml version="1.0" encoding="UTF-8"?>
<testsuite xmlns:xsi="http://www.w3.org/2001/XMLSchema-instance" xsi:noNamespaceSchemaLocation="https://maven.apache.org/surefire/maven-surefire-plugin/xsd/surefire-test-report-3.0.xsd" version="3.0" name="TestSuite" time="25.531" tests="15" errors="0" skipped="0" failures="0">
  <properties>
[...]
</properties>
  <testcase name="runScenario" classname="com.crowdar.bdd.cukes.TestNGSecuencialRunner" time="5.547"/>
  <testcase name="runScenario" classname="com.crowdar.bdd.cukes.TestNGSecuencialRunner" time="0.407"/>
  <testcase name="runScenario" classname="com.crowdar.bdd.cukes.TestNGSecuencialRunner" time="0.421"/>
  <testcase name="runScenario" classname="com.crowdar.bdd.cukes.TestNGSecuencialRunner" time="1.782"/>
  <testcase name="runScenario" classname="com.crowdar.bdd.cukes.TestNGSecuencialRunner" time="1.25"/>
  <testcase name="runScenario" classname="com.crowdar.bdd.cukes.TestNGSecuencialRunner" time="1.172"/>
  <testcase name="runScenario" classname="com.crowdar.bdd.cukes.TestNGSecuencialRunner" time="1.046"/>
  <testcase name="runScenario" classname="com.crowdar.bdd.cukes.TestNGSecuencialRunner" time="1.097"/>
  <testcase name="runScenario" classname="com.crowdar.bdd.cukes.TestNGSecuencialRunner" time="1.047"/>
  <testcase name="runScenario" classname="com.crowdar.bdd.cukes.TestNGSecuencialRunner" time="1.438"/>
  <testcase name="runScenario" classname="com.crowdar.bdd.cukes.TestNGSecuencialRunner" time="1.375"/>
  <testcase name="runScenario" classname="com.crowdar.bdd.cukes.TestNGSecuencialRunner" time="1.406"/>
  <testcase name="runScenario" classname="com.crowdar.bdd.cukes.TestNGSecuencialRunner" time="1.5"/>
  <testcase name="runScenario" classname="com.crowdar.bdd.cukes.TestNGSecuencialRunner" time="1.344"/>
  <testcase name="runScenario" classname="com.crowdar.bdd.cukes.TestNGSecuencialRunner" time="1.5"/>
</testsuite>