<?xml version="1.0" encoding="UTF-8"?>
<testng-results ignored="0" total="15" passed="15" failed="0" skipped="0">
  <reporter-output>
  </reporter-output>
  <suite started-at="2023-11-10T00:43:19Z" name="BDD Test Suite" finished-at="2023-11-10T00:43:43Z" duration-ms="23938">
    <groups>
      <group name="cucumber">
        <method signature="AbstractTestNGCucumberTests.runScenario(cucumber.api.testng.PickleEventWrapper, cucumber.api.testng.CucumberFeatureWrapper)[pri:0, instance:com.crowdar.bdd.cukes.TestNGSecuencialRunner@31c88ec8]" name="runScenario" class="cucumber.api.testng.AbstractTestNGCucumberTests"/>
      </group> <!-- cucumber -->
    </groups>
    <test started-at="2023-11-10T00:43:19Z" name="Login and Update Profile Test" finished-at="2023-11-10T00:43:43Z" duration-ms="23938">
      <class name="com.crowdar.bdd.cukes.TestNGSecuencialRunner">
        <test-method is-config="true" signature="setUpClass()[pri:0, instance:com.crowdar.bdd.cukes.TestNGSecuencialRunner@31c88ec8]" started-at="2023-11-10T00:43:19Z" name="setUpClass" finished-at="2023-11-10T00:43:21Z" duration-ms="1138" status="PASS">
          <reporter-output>
          </reporter-output>
        </test-method> <!-- setUpClass -->
        <test-method signature="runScenario(cucumber.api.testng.PickleEventWrapper, cucumber.api.testng.CucumberFeatureWrapper)[pri:0, instance:com.crowdar.bdd.cukes.TestNGSecuencialRunner@31c88ec8]" started-at="2023-11-10T00:43:21Z" name="runScenario" description="Runs Cucumber Scenarios" data-provider="scenarios" finished-at="2023-11-10T00:43:26Z" duration-ms="5532" status="PASS">
          <params>
            <param index="0">
              <value>
                <![CDATA["Trae la lista completa de workspace´s"]]>
              </value>
            </param>
            <param index="1">
              <value>
                <![CDATA["Caminos con errores"]]>
              </value>
            </param>
          </params>
          <reporter-output>
          </reporter-output>
        </test-method> <!-- runScenario -->
        <test-method signature="runScenario(cucumber.api.testng.PickleEventWrapper, cucumber.api.testng.CucumberFeatureWrapper)[pri:0, instance:com.crowdar.bdd.cukes.TestNGSecuencialRunner@31c88ec8]" started-at="2023-11-10T00:43:26Z" name="runScenario" description="Runs Cucumber Scenarios" data-provider="scenarios" finished-at="2023-11-10T00:43:27Z" duration-ms="422" status="PASS">
          <params>
            <param index="0">
              <value>
                <![CDATA["Trae la lista completa de workspace´s"]]>
              </value>
            </param>
            <param index="1">
              <value>
                <![CDATA["Caminos con errores"]]>
              </value>
            </param>
          </params>
          <reporter-output>
          </reporter-output>
        </test-method> <!-- runScenario -->
        <test-method signature="runScenario(cucumber.api.testng.PickleEventWrapper, cucumber.api.testng.CucumberFeatureWrapper)[pri:0, instance:com.crowdar.bdd.cukes.TestNGSecuencialRunner@31c88ec8]" started-at="2023-11-10T00:43:27Z" name="runScenario" description="Runs Cucumber Scenarios" data-provider="scenarios" finished-at="2023-11-10T00:43:27Z" duration-ms="406" status="PASS">
          <params>
            <param index="0">
              <value>
                <![CDATA["Trae la lista completa de workspace´s"]]>
              </value>
            </param>
            <param index="1">
              <value>
                <![CDATA["Caminos con errores"]]>
              </value>
            </param>
          </params>
          <reporter-output>
          </reporter-output>
        </test-method> <!-- runScenario -->
        <test-method signature="runScenario(cucumber.api.testng.PickleEventWrapper, cucumber.api.testng.CucumberFeatureWrapper)[pri:0, instance:com.crowdar.bdd.cukes.TestNGSecuencialRunner@31c88ec8]" started-at="2023-11-10T00:43:27Z" name="runScenario" description="Runs Cucumber Scenarios" data-provider="scenarios" finished-at="2023-11-10T00:43:29Z" duration-ms="1766" status="PASS">
          <params>
            <param index="0">
              <value>
                <![CDATA["Añade al workspace un nuevo project"]]>
              </value>
            </param>
            <param index="1">
              <value>
                <![CDATA["Caminos con errores"]]>
              </value>
            </param>
          </params>
          <reporter-output>
          </reporter-output>
        </test-method> <!-- runScenario -->
        <test-method signature="runScenario(cucumber.api.testng.PickleEventWrapper, cucumber.api.testng.CucumberFeatureWrapper)[pri:0, instance:com.crowdar.bdd.cukes.TestNGSecuencialRunner@31c88ec8]" started-at="2023-11-10T00:43:29Z" name="runScenario" description="Runs Cucumber Scenarios" data-provider="scenarios" finished-at="2023-11-10T00:43:30Z" duration-ms="1250" status="PASS">
          <params>
            <param index="0">
              <value>
                <![CDATA["Añade al workspace un nuevo project"]]>
              </value>
            </param>
            <param index="1">
              <value>
                <![CDATA["Caminos con errores"]]>
              </value>
            </param>
          </params>
          <reporter-output>
          </reporter-output>
        </test-method> <!-- runScenario -->
        <test-method signature="runScenario(cucumber.api.testng.PickleEventWrapper, cucumber.api.testng.CucumberFeatureWrapper)[pri:0, instance:com.crowdar.bdd.cukes.TestNGSecuencialRunner@31c88ec8]" started-at="2023-11-10T00:43:30Z" name="runScenario" description="Runs Cucumber Scenarios" data-provider="scenarios" finished-at="2023-11-10T00:43:31Z" duration-ms="1125" status="PASS">
          <params>
            <param index="0">
              <value>
                <![CDATA["Añade al workspace un nuevo project"]]>
              </value>
            </param>
            <param index="1">
              <value>
                <![CDATA["Caminos con errores"]]>
              </value>
            </param>
          </params>
          <reporter-output>
          </reporter-output>
        </test-method> <!-- runScenario -->
        <test-method signature="runScenario(cucumber.api.testng.PickleEventWrapper, cucumber.api.testng.CucumberFeatureWrapper)[pri:0, instance:com.crowdar.bdd.cukes.TestNGSecuencialRunner@31c88ec8]" started-at="2023-11-10T00:43:31Z" name="runScenario" description="Runs Cucumber Scenarios" data-provider="scenarios" finished-at="2023-11-10T00:43:32Z" duration-ms="1093" status="PASS">
          <params>
            <param index="0">
              <value>
                <![CDATA["Trae todos los proyectos creados en el workspace"]]>
              </value>
            </param>
            <param index="1">
              <value>
                <![CDATA["Caminos con errores"]]>
              </value>
            </param>
          </params>
          <reporter-output>
          </reporter-output>
        </test-method> <!-- runScenario -->
        <test-method signature="runScenario(cucumber.api.testng.PickleEventWrapper, cucumber.api.testng.CucumberFeatureWrapper)[pri:0, instance:com.crowdar.bdd.cukes.TestNGSecuencialRunner@31c88ec8]" started-at="2023-11-10T00:43:32Z" name="runScenario" description="Runs Cucumber Scenarios" data-provider="scenarios" finished-at="2023-11-10T00:43:33Z" duration-ms="1066" status="PASS">
          <params>
            <param index="0">
              <value>
                <![CDATA["Trae todos los proyectos creados en el workspace"]]>
              </value>
            </param>
            <param index="1">
              <value>
                <![CDATA["Caminos con errores"]]>
              </value>
            </param>
          </params>
          <reporter-output>
          </reporter-output>
        </test-method> <!-- runScenario -->
        <test-method signature="runScenario(cucumber.api.testng.PickleEventWrapper, cucumber.api.testng.CucumberFeatureWrapper)[pri:0, instance:com.crowdar.bdd.cukes.TestNGSecuencialRunner@31c88ec8]" started-at="2023-11-10T00:43:33Z" name="runScenario" description="Runs Cucumber Scenarios" data-provider="scenarios" finished-at="2023-11-10T00:43:35Z" duration-ms="1078" status="PASS">
          <params>
            <param index="0">
              <value>
                <![CDATA["Trae todos los proyectos creados en el workspace"]]>
              </value>
            </param>
            <param index="1">
              <value>
                <![CDATA["Caminos con errores"]]>
              </value>
            </param>
          </params>
          <reporter-output>
          </reporter-output>
        </test-method> <!-- runScenario -->
        <test-method signature="runScenario(cucumber.api.testng.PickleEventWrapper, cucumber.api.testng.CucumberFeatureWrapper)[pri:0, instance:com.crowdar.bdd.cukes.TestNGSecuencialRunner@31c88ec8]" started-at="2023-11-10T00:43:35Z" name="runScenario" description="Runs Cucumber Scenarios" data-provider="scenarios" finished-at="2023-11-10T00:43:36Z" duration-ms="1438" status="PASS">
          <params>
            <param index="0">
              <value>
                <![CDATA["Busca un project por su ID"]]>
              </value>
            </param>
            <param index="1">
              <value>
                <![CDATA["Caminos con errores"]]>
              </value>
            </param>
          </params>
          <reporter-output>
          </reporter-output>
        </test-method> <!-- runScenario -->
        <test-method signature="runScenario(cucumber.api.testng.PickleEventWrapper, cucumber.api.testng.CucumberFeatureWrapper)[pri:0, instance:com.crowdar.bdd.cukes.TestNGSecuencialRunner@31c88ec8]" started-at="2023-11-10T00:43:36Z" name="runScenario" description="Runs Cucumber Scenarios" data-provider="scenarios" finished-at="2023-11-10T00:43:37Z" duration-ms="1375" status="PASS">
          <params>
            <param index="0">
              <value>
                <![CDATA["Busca un project por su ID"]]>
              </value>
            </param>
            <param index="1">
              <value>
                <![CDATA["Caminos con errores"]]>
              </value>
            </param>
          </params>
          <reporter-output>
          </reporter-output>
        </test-method> <!-- runScenario -->
        <test-method signature="runScenario(cucumber.api.testng.PickleEventWrapper, cucumber.api.testng.CucumberFeatureWrapper)[pri:0, instance:com.crowdar.bdd.cukes.TestNGSecuencialRunner@31c88ec8]" started-at="2023-11-10T00:43:37Z" name="runScenario" description="Runs Cucumber Scenarios" data-provider="scenarios" finished-at="2023-11-10T00:43:39Z" duration-ms="1406" status="PASS">
          <params>
            <param index="0">
              <value>
                <![CDATA["Busca un project por su ID"]]>
              </value>
            </param>
            <param index="1">
              <value>
                <![CDATA["Caminos con errores"]]>
              </value>
            </param>
          </params>
          <reporter-output>
          </reporter-output>
        </test-method> <!-- runScenario -->
        <test-method signature="runScenario(cucumber.api.testng.PickleEventWrapper, cucumber.api.testng.CucumberFeatureWrapper)[pri:0, instance:com.crowdar.bdd.cukes.TestNGSecuencialRunner@31c88ec8]" started-at="2023-11-10T00:43:39Z" name="runScenario" description="Runs Cucumber Scenarios" data-provider="scenarios" finished-at="2023-11-10T00:43:40Z" duration-ms="1485" status="PASS">
          <params>
            <param index="0">
              <value>
                <![CDATA["Modifica el nombre del project"]]>
              </value>
            </param>
            <param index="1">
              <value>
                <![CDATA["Caminos con errores"]]>
              </value>
            </param>
          </params>
          <reporter-output>
          </reporter-output>
        </test-method> <!-- runScenario -->
        <test-method signature="runScenario(cucumber.api.testng.PickleEventWrapper, cucumber.api.testng.CucumberFeatureWrapper)[pri:0, instance:com.crowdar.bdd.cukes.TestNGSecuencialRunner@31c88ec8]" started-at="2023-11-10T00:43:40Z" name="runScenario" description="Runs Cucumber Scenarios" data-provider="scenarios" finished-at="2023-11-10T00:43:42Z" duration-ms="1359" status="PASS">
          <params>
            <param index="0">
              <value>
                <![CDATA["Modifica el nombre del project"]]>
              </value>
            </param>
            <param index="1">
              <value>
                <![CDATA["Caminos con errores"]]>
              </value>
            </param>
          </params>
          <reporter-output>
          </reporter-output>
        </test-method> <!-- runScenario -->
        <test-method signature="runScenario(cucumber.api.testng.PickleEventWrapper, cucumber.api.testng.CucumberFeatureWrapper)[pri:0, instance:com.crowdar.bdd.cukes.TestNGSecuencialRunner@31c88ec8]" started-at="2023-11-10T00:43:42Z" name="runScenario" description="Runs Cucumber Scenarios" data-provider="scenarios" finished-at="2023-11-10T00:43:43Z" duration-ms="1484" status="PASS">
          <params>
            <param index="0">
              <value>
                <![CDATA["Modifica el nombre del project"]]>
              </value>
            </param>
            <param index="1">
              <value>
                <![CDATA["Caminos con errores"]]>
              </value>
            </param>
          </params>
          <reporter-output>
          </reporter-output>
        </test-method> <!-- runScenario -->
        <test-method is-config="true" signature="tearDownClass()[pri:0, instance:com.crowdar.bdd.cukes.TestNGSecuencialRunner@31c88ec8]" started-at="2023-11-10T00:43:43Z" name="tearDownClass" finished-at="2023-11-10T00:43:43Z" duration-ms="187" status="PASS">
          <reporter-output>
          </reporter-output>
        </test-method> <!-- tearDownClass -->
      </class> <!-- com.crowdar.bdd.cukes.TestNGSecuencialRunner -->
    </test> <!-- Login and Update Profile Test -->
  </suite> <!-- BDD Test Suite -->
</testng-results>
